<?xml version="1.0" encoding="UTF-8"?>
<testng-results ignored="0" total="1" passed="1" failed="0" skipped="0">
  <reporter-output>
  </reporter-output>
  <suite started-at="2024-06-27T15:31:24 SAST" name="Default suite" finished-at="2024-06-27T15:31:55 SAST" duration-ms="31090">
    <groups>
    </groups>
    <test started-at="2024-06-27T15:31:24 SAST" name="Default test" finished-at="2024-06-27T15:31:55 SAST" duration-ms="31090">
      <class name="scripts.E_Comm_4_Magento_landing_Men_link">
        <test-method signature="TC4()[pri:0, instance:scripts.E_Comm_4_Magento_landing_Men_link@3c46e67a]" started-at="2024-06-27T15:31:24 SAST" name="TC4" finished-at="2024-06-27T15:31:55 SAST" duration-ms="31060" status="PASS">
          <reporter-output>
          </reporter-output>
        </test-method> <!-- TC4 -->
      </class> <!-- scripts.E_Comm_4_Magento_landing_Men_link -->
    </test> <!-- Default test -->
  </suite> <!-- Default suite -->
</testng-results>
