<?xml version="1.0" encoding="UTF-8"?>
<!-- Generated by org.testng.reporters.JUnitXMLReporter -->
<testsuite ignored="0" hostname="Thabo" failures="0" tests="3" name="Test" time="89.725" errors="0" timestamp="2024-06-20T08:18:29 SAST">
  <testcase classname="scripts.E_Comm_3_Navigate_to_website" name="TC3" time="25.158"/>
  <testcase classname="scripts.E_Comm_95_Create_An_Account_Create_New_Customer_Account_with_empty_spaces" name="TC95" time="30.783"/>
  <testcase classname="scripts.E_Comm_83_Create_an_Account_link_Create_New_Customer_Account_page_with_invalidData" name="TC83" time="33.758"/>
</testsuite> <!-- Test -->
