<?xml version="1.0" encoding="UTF-8"?>
<!-- Generated by org.testng.reporters.JUnitXMLReporter -->
<testsuite ignored="9" hostname="Thabo" failures="0" tests="14" name="Test" time="359.413" errors="0" timestamp="2024-06-27T15:38:44 SAST">
  <testcase classname="scripts.E_Comm_3_Navigate_to_website" name="TC3" time="8.293"/>
  <testcase classname="automationTest.E_Comm_139_Shopping_cart_icon" name="verifyShoppingCartIconFunctionality" time="53.586"/>
  <testcase classname="scripts.E_Comm_149_Shipping_Address_page_Next_button_with_Shipping_method_logged_in" name="TC149" time="51.464"/>
  <testcase classname="scripts.E_Comm_95_Create_An_Account_Create_New_Customer_Account_with_empty_spaces" name="TC95" time="15.369"/>
  <testcase classname="scripts.E_Comm_147_Shipping_Address_page_Next_button_with_empty_data" name="TC147" time="41.754"/>
  <testcase classname="scripts.E_Comm_148_Shipping_Address_page_Next_button_with_Shipping_method_logged_out" name="TC148" time="44.029"/>
  <testcase classname="luma.E_Comm_20" name="addToCart" time="22.749"/>
  <testcase classname="scripts.E_Comm_20_To_verify_the_functionality_of_add_to_cart_button" name="TC20" time="23.311"/>
  <testcase classname="luma.E_Comm_96" name="setUp" time="4.309"/>
  <testcase classname="scripts.E_Comm_83_Create_an_Account_link_Create_New_Customer_Account_page_with_invalidData" name="TC83" time="14.881"/>
  <testcase classname="luma.E_Comm_64_Create_an_Account_link" name="createAccount" time="4.423"/>
  <testcase classname="luma.E_Comm_19_To_verify_Create_an_account_link" name="verifyCreateAccountPage" time="3.02"/>
  <testcase classname="scripts.E_Comm_4_Magento_landing_Men_link" name="TC4" time="26.384"/>
  <testcase classname="automationTest.E_Comm_130_Checkout_page_Review_Payments_Place_Order_button_Test" name="TC129" time="35.074"/>
  <testcase classname="luma.E_Comm_120" name="verifyProductPageAttributes" time="0.0">
    <ignored/>
  </testcase> <!-- verifyProductPageAttributes -->
  <testcase classname="luma.E_Comm_105" name="signIn" time="0.0">
    <ignored/>
  </testcase> <!-- signIn -->
  <testcase classname="scripts.E_Comm_108_Sign_In_Link__Customer_Login_with_invalid_data" name="TC108" time="0.0">
    <ignored/>
  </testcase> <!-- TC108 -->
  <testcase classname="scripts.E_Comm_110_SignIn_link_Customer_Login_page_Sign_In_button_with_empty_space" name="TC110" time="0.0">
    <ignored/>
  </testcase> <!-- TC110 -->
  <testcase classname="automationTest.E_Comm_111_Sign_In_Link_Customer_Login_page_Create_An_Account_Button" name="TC111" time="0.0">
    <ignored/>
  </testcase> <!-- TC111 -->
  <testcase classname="scripts.E_Comm_105_Sign_In_Link_Customer_Login_with_valid_data" name="TC105" time="0.0">
    <ignored/>
  </testcase> <!-- TC105 -->
  <testcase classname="scripts.E_Comm_123_Checkout_page_Review_Payments_Ship_To" name="TC123" time="0.0">
    <ignored/>
  </testcase> <!-- TC123 -->
  <testcase classname="automationTest.E_Comm_129_Shipping_page_New_Address_button" name="TC129" time="0.0">
    <ignored/>
  </testcase> <!-- TC129 -->
  <testcase classname="scripts.E_Comm_132_Shipping_page_Order_summery_dropdown" name="TC132" time="0.0">
    <ignored/>
  </testcase> <!-- TC132 -->
</testsuite> <!-- Test -->
